<?xml version="1.0" encoding="UTF-8"?>
<!-- Generated by org.testng.reporters.JUnitXMLReporter -->
<testsuite hostname="Airpay-PC" ignored="0" name="TC_ID_Verify_Express_Payments_Save_Cards" tests="2" failures="0" timestamp="30 Apr 2019 12:54:29 GMT" time="84.36" errors="0">
  <testcase name="setup" time="0.0" classname="com.Airpay.Tests.TC_ID_Verify_American_Express_Save_Cards"/>
  <testcase name="TC_TestCaseName" time="75.626" classname="com.Airpay.Tests.TC_ID_Verify_American_Express_Save_Cards"/>
</testsuite> <!-- TC_ID_Verify_Express_Payments_Save_Cards -->
