<?xml version="1.0" encoding="UTF-8"?>
<!-- Generated by org.testng.reporters.JUnitXMLReporter -->
<testsuite hostname="Airpay-PC" ignored="0" name="TC_ID_Verify_Express_Payments_Invalid_OTP_Error_Msg" tests="2" failures="0" timestamp="30 Apr 2019 12:54:52 GMT" time="23.216" errors="0">
  <testcase name="setup" time="0.0" classname="com.Airpay.Tests.TC_ID_Verify_Express_Payments_Invalid_OTP_Error_Msg"/>
  <testcase name="TC_TestCaseName" time="14.619" classname="com.Airpay.Tests.TC_ID_Verify_Express_Payments_Invalid_OTP_Error_Msg"/>
</testsuite> <!-- TC_ID_Verify_Express_Payments_Invalid_OTP_Error_Msg -->
