<?xml version="1.0" encoding="UTF-8"?>
<!-- Generated by org.testng.reporters.JUnitXMLReporter -->
<testsuite hostname="Airpay-PC" ignored="0" name="TC_PP_02_Verify_when_user_does_not_Pass_Mandatory_Invalid_orderID" tests="2" failures="0" timestamp="30 Apr 2019 11:50:16 GMT" time="13.208" errors="0">
  <testcase name="setup" time="0.0" classname="com.Airpay.Tests.TC_PP_01"/>
  <testcase name="TC_TestCaseName" time="3.918" classname="com.Airpay.Tests.TC_PP_01"/>
</testsuite> <!-- TC_PP_02_Verify_when_user_does_not_Pass_Mandatory_Invalid_orderID -->
