<?xml version="1.0" encoding="UTF-8"?>
<!-- Generated by org.testng.reporters.JUnitXMLReporter -->
<testsuite hostname="Airpay-PC" ignored="0" name="TC_PP_13_Debit_Card_iFrame_kit" tests="2" failures="0" timestamp="26 Apr 2019 12:48:46 GMT" time="34.731" errors="0">
  <testcase name="setup" time="0.0" classname="com.Airpay.Tests.TC_PP_13_Debit_Card_Inline_kit"/>
  <testcase name="TC_TestCaseName" time="25.953" classname="com.Airpay.Tests.TC_PP_13_Debit_Card_Inline_kit"/>
</testsuite> <!-- TC_PP_13_Debit_Card_iFrame_kit -->
