<?xml version="1.0" encoding="UTF-8"?>
<!-- Generated by org.testng.reporters.JUnitXMLReporter -->
<testsuite hostname="Airpay-PC" ignored="0" name="TC_PP_NetBanking_Specific_Bank_page_validations" tests="2" failures="0" timestamp="30 Apr 2019 11:58:43 GMT" time="84.205" errors="0">
  <testcase name="setup" time="0.0" classname="com.Airpay.Tests.TC_PP_NetBanking_Specific_Bank_page_validations"/>
  <testcase name="TC_TestCaseName" time="73.714" classname="com.Airpay.Tests.TC_PP_NetBanking_Specific_Bank_page_validations"/>
</testsuite> <!-- TC_PP_NetBanking_Specific_Bank_page_validations -->
