<?xml version="1.0" encoding="UTF-8"?>
<!-- Generated by org.testng.reporters.JUnitXMLReporter -->
<testsuite hostname="Airpay-PC" ignored="0" name="TC_PP_06_Verify_OrderID_and_Trnasaction_Aamount" tests="2" failures="0" timestamp="30 Apr 2019 11:51:32 GMT" time="21.186" errors="0">
  <testcase name="setup" time="0.0" classname="com.Airpay.Tests.TC_PP_07"/>
  <testcase name="TC_TestCaseName" time="10.691" classname="com.Airpay.Tests.TC_PP_07"/>
</testsuite> <!-- TC_PP_06_Verify_OrderID_and_Trnasaction_Aamount -->
