<?xml version="1.0" encoding="UTF-8"?>
<!-- Generated by org.testng.reporters.JUnitXMLReporter -->
<testsuite hostname="Airpay-PC" ignored="0" name="TC_PP_17_Credit_Card_iFrame_kit_MasterCard" tests="2" failures="0" timestamp="26 Apr 2019 13:11:01 GMT" time="41.049" errors="0">
  <testcase name="setup" time="0.0" classname="com.Airpay.Tests.TC_PP_17_Credit_Card_Inline_kit"/>
  <testcase name="TC_TestCaseName" time="32.432" classname="com.Airpay.Tests.TC_PP_17_Credit_Card_Inline_kit"/>
</testsuite> <!-- TC_PP_17_Credit_Card_iFrame_kit_MasterCard -->
