<?xml version="1.0" encoding="UTF-8"?>
<!-- Generated by org.testng.reporters.JUnitXMLReporter -->
<testsuite hostname="Airpay-PC" ignored="0" name="TC_PP_12_verify_Indian_card_ErrorMessages" tests="2" failures="0" timestamp="30 Apr 2019 11:55:38 GMT" time="33.983" errors="0">
  <testcase name="setup" time="0.0" classname="com.Airpay.Tests.TC_PP_12"/>
  <testcase name="TC_TestCaseName" time="23.079" classname="com.Airpay.Tests.TC_PP_12"/>
</testsuite> <!-- TC_PP_12_verify_Indian_card_ErrorMessages -->
