<?xml version="1.0" encoding="UTF-8"?>
<!-- Generated by org.testng.reporters.JUnitXMLReporter -->
<testsuite hostname="Airpay-PC" ignored="0" name="TC_PP_EMI_Card_logo_Appearance_iFrame_kit" tests="2" failures="0" timestamp="26 Apr 2019 13:10:20 GMT" time="21.571" errors="0">
  <testcase name="setup" time="0.0" classname="com.Airpay.Tests.TC_PP_EMI_Card_logo_Appearance_Inline_kit"/>
  <testcase name="TC_TestCaseName" time="12.888" classname="com.Airpay.Tests.TC_PP_EMI_Card_logo_Appearance_Inline_kit"/>
</testsuite> <!-- TC_PP_EMI_Card_logo_Appearance_iFrame_kit -->
