<?xml version="1.0" encoding="UTF-8"?>
<!-- Generated by org.testng.reporters.JUnitXMLReporter -->
<testsuite hostname="Airpay-PC" ignored="0" name="TC_PP_PaytmChannel_Transaction_Decline_ErrorMessage" tests="2" failures="0" timestamp="30 Apr 2019 12:51:27 GMT" time="94.212" errors="0">
  <testcase name="setup" time="0.0" classname="com.Airpay.Tests.TC_PP_PaytmChannel_Transaction_Decline_ErrorMessage"/>
  <testcase name="TC_TestCaseName" time="85.518" classname="com.Airpay.Tests.TC_PP_PaytmChannel_Transaction_Decline_ErrorMessage"/>
</testsuite> <!-- TC_PP_PaytmChannel_Transaction_Decline_ErrorMessage -->
