<?xml version="1.0" encoding="UTF-8"?>
<!-- Generated by org.testng.reporters.JUnitXMLReporter -->
<testsuite hostname="Airpay-PC" ignored="0" name="TC_PP_RTGS_And_NEFT_SuccessTransaction_iFrame_kit" tests="2" failures="0" timestamp="26 Apr 2019 13:06:48 GMT" time="100.531" errors="0">
  <testcase name="setup" time="0.0" classname="com.Airpay.Tests.TC_PP_RTGS_And_NEFT_SuccessTransaction_Inline_kit"/>
  <testcase name="TC_TestCaseName" time="91.952" classname="com.Airpay.Tests.TC_PP_RTGS_And_NEFT_SuccessTransaction_Inline_kit"/>
</testsuite> <!-- TC_PP_RTGS_And_NEFT_SuccessTransaction_iFrame_kit -->
