<?xml version="1.0" encoding="UTF-8"?>
<!-- Generated by org.testng.reporters.JUnitXMLReporter -->
<testsuite hostname="Airpay-PC" ignored="0" name="TC_PP_10_Verify_all_madatory_redLine_Errors" tests="2" failures="0" timestamp="30 Apr 2019 11:53:51 GMT" time="19.928" errors="0">
  <testcase name="setup" time="0.0" classname="com.Airpay.Tests.TC_PP_10"/>
  <testcase name="TC_TestCaseName" time="11.408" classname="com.Airpay.Tests.TC_PP_10"/>
</testsuite> <!-- TC_PP_10_Verify_all_madatory_redLine_Errors -->
