<?xml version="1.0" encoding="UTF-8"?>
<!-- Generated by org.testng.reporters.JUnitXMLReporter -->
<testsuite hostname="Airpay-PC" ignored="0" name="TC_PP_15_Credit_Card_Cancel_Transaction_from_bankPage" tests="2" failures="0" timestamp="29 Apr 2019 06:25:12 GMT" time="167.262" errors="0">
  <testcase name="setup" time="0.0" classname="com.Airpay.Tests.TC_PP_15_Credit_Card"/>
  <testcase name="TC_TestCaseName" time="156.4" classname="com.Airpay.Tests.TC_PP_15_Credit_Card"/>
</testsuite> <!-- TC_PP_15_Credit_Card_Cancel_Transaction_from_bankPage -->
