<?xml version="1.0" encoding="UTF-8"?>
<!-- Generated by org.testng.reporters.JUnitXMLReporter -->
<testsuite hostname="Airpay-PC" ignored="0" name="TC_PP_SandBox_Transaction_Credit_Card_Successfull_Transaction" tests="2" failures="0" timestamp="30 Apr 2019 12:31:17 GMT" time="124.342" errors="0">
  <testcase name="setup" time="0.0" classname="com.Airpay.Tests.TC_PP_Moto_Transaction_Credit_Card_Successfull_Transaction"/>
  <testcase name="TC_TestCaseName" time="115.609" classname="com.Airpay.Tests.TC_PP_Moto_Transaction_Credit_Card_Successfull_Transaction"/>
</testsuite> <!-- TC_PP_SandBox_Transaction_Credit_Card_Successfull_Transaction -->
