<?xml version="1.0" encoding="UTF-8"?>
<!-- Generated by org.testng.reporters.JUnitXMLReporter -->
<testsuite hostname="Airpay-PC" ignored="0" name="TC_PP_Cash_MakePayment_PinCodeErrorLin_iFrame_kit" tests="2" failures="0" timestamp="26 Apr 2019 13:05:07 GMT" time="89.105" errors="0">
  <testcase name="setup" time="0.001" classname="com.Airpay.Tests.TC_PP_Cash_MakePayment_PinCodeErrorLin_Inline_kit"/>
  <testcase name="TC_TestCaseName" time="80.409" classname="com.Airpay.Tests.TC_PP_Cash_MakePayment_PinCodeErrorLin_Inline_kit"/>
</testsuite> <!-- TC_PP_Cash_MakePayment_PinCodeErrorLin_iFrame_kit -->
