<?xml version="1.0" encoding="UTF-8"?>
<!-- Generated by org.testng.reporters.JUnitXMLReporter -->
<testsuite hostname="Airpay-PC" ignored="0" name="TC_PP_Cash_MakePayment_PinCodeErrorLine" tests="2" failures="0" timestamp="30 Apr 2019 12:14:27 GMT" time="25.14" errors="0">
  <testcase name="setup" time="0.0" classname="com.Airpay.Tests.TC_PP_Cash_MakePayment_PinCodeErrorLine"/>
  <testcase name="TC_TestCaseName" time="16.502" classname="com.Airpay.Tests.TC_PP_Cash_MakePayment_PinCodeErrorLine"/>
</testsuite> <!-- TC_PP_Cash_MakePayment_PinCodeErrorLine -->
