<?xml version="1.0" encoding="UTF-8"?>
<!-- Generated by org.testng.reporters.JUnitXMLReporter -->
<testsuite hostname="Airpay-PC" ignored="0" name="TC_PP_EMI_Card_logo_Appearance" tests="2" failures="0" timestamp="30 Apr 2019 12:16:53 GMT" time="29.824" errors="0">
  <testcase name="setup" time="0.002" classname="com.Airpay.Tests.TC_PP_EMI_Card_logo_Appearance"/>
  <testcase name="TC_TestCaseName" time="19.031" classname="com.Airpay.Tests.TC_PP_EMI_Card_logo_Appearance"/>
</testsuite> <!-- TC_PP_EMI_Card_logo_Appearance -->
