<?xml version="1.0" encoding="UTF-8"?>
<!-- Generated by org.testng.reporters.JUnitXMLReporter -->
<testsuite hostname="Airpay-PC" ignored="0" name="TC_PP_Moto_Transaction_Debit_Card_failed_Transaction_iFrame_kit" tests="2" failures="0" timestamp="26 Apr 2019 13:28:20 GMT" time="34.363" errors="0">
  <testcase name="setup" time="0.001" classname="com.Airpay.Tests.TC_PP_Moto_Transaction_Debit_Card_failed_Transaction_Inline_kit"/>
  <testcase name="TC_TestCaseName" time="25.787" classname="com.Airpay.Tests.TC_PP_Moto_Transaction_Debit_Card_failed_Transaction_Inline_kit"/>
</testsuite> <!-- TC_PP_Moto_Transaction_Debit_Card_failed_Transaction_iFrame_kit -->
