<?xml version="1.0" encoding="UTF-8"?>
<!-- Generated by org.testng.reporters.JUnitXMLReporter -->
<testsuite hostname="Airpay-PC" ignored="0" name="TC_PP_11_Debit_Card_iFrame_kit" tests="2" failures="0" timestamp="26 Apr 2019 12:47:05 GMT" time="35.088" errors="0">
  <testcase name="setup" time="0.0" classname="com.Airpay.Tests.TC_PP_11_Debit_Card_Inline_kit"/>
  <testcase name="TC_TestCaseName" time="26.156" classname="com.Airpay.Tests.TC_PP_11_Debit_Card_Inline_kit"/>
</testsuite> <!-- TC_PP_11_Debit_Card_iFrame_kit -->
