<?xml version="1.0" encoding="UTF-8"?>
<!-- Generated by org.testng.reporters.JUnitXMLReporter -->
<testsuite hostname="Airpay-PC" ignored="0" name="TC_PP_NetBanking_errorValidtion_iFrame_kit" tests="2" failures="0" timestamp="26 Apr 2019 12:59:01 GMT" time="37.029" errors="0">
  <testcase name="setup" time="0.0" classname="com.Airpay.Tests.TC_PP_NetBanking_errorValidtion_Inline_kit"/>
  <testcase name="TC_TestCaseName" time="28.185" classname="com.Airpay.Tests.TC_PP_NetBanking_errorValidtion_Inline_kit"/>
</testsuite> <!-- TC_PP_NetBanking_errorValidtion_iFrame_kit -->
