<?xml version="1.0" encoding="UTF-8"?>
<!-- Generated by org.testng.reporters.JUnitXMLReporter -->
<testsuite hostname="Airpay-PC" ignored="0" name="TC_PP_Wallet_Red_Line_Error_iFrame_kit" tests="2" failures="0" timestamp="26 Apr 2019 13:15:55 GMT" time="18.4" errors="0">
  <testcase name="setup" time="0.0" classname="com.Airpay.Tests.TC_PP_Wallet_Red_Line_Error_Inline_kit"/>
  <testcase name="TC_TestCaseName" time="9.624" classname="com.Airpay.Tests.TC_PP_Wallet_Red_Line_Error_Inline_kit"/>
</testsuite> <!-- TC_PP_Wallet_Red_Line_Error_iFrame_kit -->
