<?xml version="1.0" encoding="UTF-8"?>
<!-- Generated by org.testng.reporters.JUnitXMLReporter -->
<testsuite hostname="Airpay-PC" ignored="0" name="TC_PP_valid_UPI_SessionTimeOut_ErrMsg_iFrame_kit" tests="2" failures="0" timestamp="26 Apr 2019 13:43:32 GMT" time="94.12" errors="0">
  <testcase name="setup" time="0.001" classname="com.Airpay.Tests.TC_PP_valid_UPI_SessionTimeOut_ErrMsg_Inline_kit"/>
  <testcase name="TC_TestCaseName" time="85.319" classname="com.Airpay.Tests.TC_PP_valid_UPI_SessionTimeOut_ErrMsg_Inline_kit"/>
</testsuite> <!-- TC_PP_valid_UPI_SessionTimeOut_ErrMsg_iFrame_kit -->
