<?xml version="1.0" encoding="UTF-8"?>
<!-- Generated by org.testng.reporters.JUnitXMLReporter -->
<testsuite hostname="Airpay-PC" ignored="0" name="TC_PP_Virtual_Account_Success_transaction_testcase_iFrame_kit" tests="2" failures="0" timestamp="26 Apr 2019 14:01:37 GMT" time="149.999" errors="0">
  <testcase name="setup" time="0.0" classname="com.Airpay.Tests.TC_PP_Virtual_Account_Success_transaction_testcase_Inline_kit"/>
  <testcase name="TC_TestCaseName" time="141.247" classname="com.Airpay.Tests.TC_PP_Virtual_Account_Success_transaction_testcase_Inline_kit"/>
</testsuite> <!-- TC_PP_Virtual_Account_Success_transaction_testcase_iFrame_kit -->
