<?xml version="1.0" encoding="UTF-8"?>
<!-- Generated by org.testng.reporters.JUnitXMLReporter -->
<testsuite hostname="Airpay-PC" ignored="0" name="TC_PP_BBPS_Login_verify" tests="2" failures="0" timestamp="16 May 2019 11:41:04 GMT" time="24.472" errors="0">
  <testcase name="setup" time="0.016" classname="com.Airpay.Tests.TC_PP_BBPS_Login_verify"/>
  <testcase name="TC_TestCaseName" time="11.544" classname="com.Airpay.Tests.TC_PP_BBPS_Login_verify"/>
</testsuite> <!-- TC_PP_BBPS_Login_verify -->
