<?xml version="1.0" encoding="UTF-8"?>
<!-- Generated by org.testng.reporters.JUnitXMLReporter -->
<testsuite hostname="Airpay-PC" ignored="0" name="TC_PP_BharatOR_BarCode_Session_TimeOut_errVerification_iFrame_kit" tests="2" failures="0" timestamp="26 Apr 2019 13:58:33 GMT" time="292.848" errors="0">
  <testcase name="setup" time="0.0" classname="com.Airpay.Tests.TC_PP_BharatOR_BarCode_Session_TimeOut_errVerification_Inline_kit"/>
  <testcase name="TC_TestCaseName" time="282.271" classname="com.Airpay.Tests.TC_PP_BharatOR_BarCode_Session_TimeOut_errVerification_Inline_kit"/>
</testsuite> <!-- TC_PP_BharatOR_BarCode_Session_TimeOut_errVerification_iFrame_kit -->
