<?xml version="1.0" encoding="UTF-8"?>
<!-- Generated by org.testng.reporters.JUnitXMLReporter -->
<testsuite hostname="Airpay-PC" ignored="0" name="TC_PP_Moto_Transaction_Credit_Card_Failed_Transaction" tests="2" failures="0" timestamp="30 Apr 2019 12:28:35 GMT" time="37.913" errors="0">
  <testcase name="setup" time="0.003" classname="com.Airpay.Tests.TC_PP_Moto_Transaction_Credit_Card_Failed_Transaction"/>
  <testcase name="TC_TestCaseName" time="26.97" classname="com.Airpay.Tests.TC_PP_Moto_Transaction_Credit_Card_Failed_Transaction"/>
</testsuite> <!-- TC_PP_Moto_Transaction_Credit_Card_Failed_Transaction -->
