<?xml version="1.0" encoding="UTF-8"?>
<!-- Generated by org.testng.reporters.JUnitXMLReporter -->
<testsuite hostname="Airpay-PC" ignored="0" name="TC_PP_NetBanking_All_Bank_Name_Access_iFrame_kit" tests="2" failures="0" timestamp="26 Apr 2019 13:21:10 GMT" time="44.946" errors="0">
  <testcase name="setup" time="0.0" classname="com.Airpay.Tests.TC_PP_NetBanking_All_Bank_Name_Access_Inline_kit"/>
  <testcase name="TC_TestCaseName" time="36.232" classname="com.Airpay.Tests.TC_PP_NetBanking_All_Bank_Name_Access_Inline_kit"/>
</testsuite> <!-- TC_PP_NetBanking_All_Bank_Name_Access_iFrame_kit -->
