<?xml version="1.0" encoding="UTF-8"?>
<!-- Generated by org.testng.reporters.JUnitXMLReporter -->
<testsuite hostname="Airpay-PC" ignored="0" name="TC_PP_RTGS_And_NEFT_SuccessTransaction" tests="2" failures="0" timestamp="30 Apr 2019 12:15:04 GMT" time="36.972" errors="0">
  <testcase name="setup" time="0.0" classname="com.Airpay.Tests.TC_PP_RTGS_And_NEFT_SuccessTransaction"/>
  <testcase name="TC_TestCaseName" time="28.077" classname="com.Airpay.Tests.TC_PP_RTGS_And_NEFT_SuccessTransaction"/>
</testsuite> <!-- TC_PP_RTGS_And_NEFT_SuccessTransaction -->
