<?xml version="1.0" encoding="UTF-8"?>
<!-- Generated by org.testng.reporters.JUnitXMLReporter -->
<testsuite hostname="Airpay-PC" ignored="0" name="TC_PP_09_Verify_AMEX_Credit_Red_line_errors" tests="2" failures="0" timestamp="30 Apr 2019 11:52:58 GMT" time="33.606" errors="0">
  <testcase name="setup" time="0.001" classname="com.Airpay.Tests.TC_PP_09_Amex_Credit_Card"/>
  <testcase name="TC_TestCaseName" time="25.015" classname="com.Airpay.Tests.TC_PP_09_Amex_Credit_Card"/>
</testsuite> <!-- TC_PP_09_Verify_AMEX_Credit_Red_line_errors -->
