<?xml version="1.0" encoding="UTF-8"?>
<!-- Generated by org.testng.reporters.JUnitXMLReporter -->
<testsuite hostname="Airpay-PC" ignored="0" name="TC_PP_09_AMEX_Credit_iframe_Kit" tests="2" failures="0" timestamp="26 Apr 2019 12:45:09 GMT" time="31.002" errors="0">
  <testcase name="setup" time="0.0" classname="com.Airpay.Tests.TC_PP_09_AMEX_Credit_Inline_Kit"/>
  <testcase name="TC_TestCaseName" time="22.26" classname="com.Airpay.Tests.TC_PP_09_AMEX_Credit_Inline_Kit"/>
</testsuite> <!-- TC_PP_09_AMEX_Credit_iframe_Kit -->
