<?xml version="1.0" encoding="UTF-8"?>
<!-- Generated by org.testng.reporters.JUnitXMLReporter -->
<testsuite hostname="Airpay-PC" ignored="0" name="TC_PP_11_verify_Invalid_Credit_Card_Details_with_Messages" tests="2" failures="0" timestamp="30 Apr 2019 11:54:28 GMT" time="37.415" errors="0">
  <testcase name="setup" time="0.0" classname="com.Airpay.Tests.TC_PP_11_Credit_Card"/>
  <testcase name="TC_TestCaseName" time="26.592" classname="com.Airpay.Tests.TC_PP_11_Credit_Card"/>
</testsuite> <!-- TC_PP_11_verify_Invalid_Credit_Card_Details_with_Messages -->
