<?xml version="1.0" encoding="UTF-8"?>
<!-- Generated by org.testng.reporters.JUnitXMLReporter -->
<testsuite hostname="Airpay-PC" ignored="0" name="TC_PP_EMI_Blank_Value_RedLine_Error" tests="2" failures="0" timestamp="30 Apr 2019 12:35:38 GMT" time="27.824" errors="0">
  <testcase name="setup" time="0.0" classname="com.Airpay.Tests.TC_PP_EMI_Blank_Value_RedLine_Error_notification"/>
  <testcase name="TC_TestCaseName" time="16.861" classname="com.Airpay.Tests.TC_PP_EMI_Blank_Value_RedLine_Error_notification"/>
</testsuite> <!-- TC_PP_EMI_Blank_Value_RedLine_Error -->
