<?xml version="1.0" encoding="UTF-8"?>
<!-- Generated by org.testng.reporters.JUnitXMLReporter -->
<testsuite hostname="Airpay-PC" ignored="0" name="TC_PP_NetBanking_Bank_page_validations_iFrame_kit" tests="2" failures="0" timestamp="26 Apr 2019 13:01:52 GMT" time="171.197" errors="0">
  <testcase name="setup" time="0.0" classname="com.Airpay.Tests.TC_PP_NetBanking_Bank_page_validations_Inline_kit"/>
  <testcase name="TC_TestCaseName" time="162.504" classname="com.Airpay.Tests.TC_PP_NetBanking_Bank_page_validations_Inline_kit"/>
</testsuite> <!-- TC_PP_NetBanking_Bank_page_validations_iFrame_kit -->
