<?xml version="1.0" encoding="UTF-8"?>
<!-- Generated by org.testng.reporters.JUnitXMLReporter -->
<testsuite hostname="Airpay-PC" ignored="0" name="TC_PP_EMI_Bank_Type_Verification_iFrame_kit" tests="2" failures="0" timestamp="26 Apr 2019 13:49:50 GMT" time="18.148" errors="0">
  <testcase name="setup" time="0.0" classname="com.Airpay.Tests.TC_PP_EMI_Bank_Type_Verification_Inline_kit"/>
  <testcase name="TC_TestCaseName" time="9.465" classname="com.Airpay.Tests.TC_PP_EMI_Bank_Type_Verification_Inline_kit"/>
</testsuite> <!-- TC_PP_EMI_Bank_Type_Verification_iFrame_kit -->
