<?xml version="1.0" encoding="UTF-8"?>
<!-- Generated by org.testng.reporters.JUnitXMLReporter -->
<testsuite hostname="Airpay-PC" ignored="0" name="TC_PP_BharatOR_BarCode_CrossBtn_Error_verification_iFrame_kit" tests="2" failures="0" timestamp="26 Apr 2019 13:53:40 GMT" time="106.222" errors="0">
  <testcase name="setup" time="0.0" classname="com.Airpay.Tests.TC_PP_BharatOR_BarCode_CrossBtn_Error_verification_Inline_kit"/>
  <testcase name="TC_TestCaseName" time="97.48" classname="com.Airpay.Tests.TC_PP_BharatOR_BarCode_CrossBtn_Error_verification_Inline_kit"/>
</testsuite> <!-- TC_PP_BharatOR_BarCode_CrossBtn_Error_verification_iFrame_kit -->
