<?xml version="1.0" encoding="UTF-8"?>
<!-- Generated by org.testng.reporters.JUnitXMLReporter -->
<testsuite hostname="Airpay-PC" ignored="0" name="TC_PP_17_Credit_Card_MasterCard" tests="2" failures="0" timestamp="30 Apr 2019 12:17:41 GMT" time="47.998" errors="0">
  <testcase name="setup" time="0.0" classname="com.Airpay.Tests.TC_PP_17_Credit_Card"/>
  <testcase name="TC_TestCaseName" time="39.207" classname="com.Airpay.Tests.TC_PP_17_Credit_Card"/>
</testsuite> <!-- TC_PP_17_Credit_Card_MasterCard -->
