<?xml version="1.0" encoding="UTF-8"?>
<!-- Generated by org.testng.reporters.JUnitXMLReporter -->
<testsuite hostname="Airpay-PC" ignored="0" name="TC_PP_Amazon_Pay_TestCase_iFrame_kit" tests="2" failures="0" timestamp="26 Apr 2019 14:02:21 GMT" time="44.359" errors="0">
  <testcase name="setup" time="0.0" classname="com.Airpay.Tests.TC_PP_Amazon_Pay_TestCase_Inline_kit"/>
  <testcase name="TC_TestCaseName" time="35.561" classname="com.Airpay.Tests.TC_PP_Amazon_Pay_TestCase_Inline_kit"/>
</testsuite> <!-- TC_PP_Amazon_Pay_TestCase_iFrame_kit -->
