<?xml version="1.0" encoding="UTF-8"?>
<!-- Generated by org.testng.reporters.JUnitXMLReporter -->
<testsuite hostname="Airpay-PC" ignored="0" name="TC_PP_Cash_MakePayment" tests="2" failures="0" timestamp="30 Apr 2019 12:14:02 GMT" time="40.692" errors="0">
  <testcase name="setup" time="0.0" classname="com.Airpay.Tests.TC_PP_Cash_MakePayment"/>
  <testcase name="TC_TestCaseName" time="31.929" classname="com.Airpay.Tests.TC_PP_Cash_MakePayment"/>
</testsuite> <!-- TC_PP_Cash_MakePayment -->
