<?xml version="1.0" encoding="UTF-8"?>
<!-- Generated by org.testng.reporters.JUnitXMLReporter -->
<testsuite hostname="Airpay-PC" ignored="0" name="TC_PP_17_Debit_Card_iFrame_kit_VisaCard" tests="2" failures="0" timestamp="26 Apr 2019 13:14:32 GMT" time="21.111" errors="0">
  <testcase name="setup" time="0.002" classname="com.Airpay.Tests.TC_PP_17_Debit_Card_Inline_kit"/>
  <testcase name="TC_TestCaseName" time="12.509" classname="com.Airpay.Tests.TC_PP_17_Debit_Card_Inline_kit"/>
</testsuite> <!-- TC_PP_17_Debit_Card_iFrame_kit_VisaCard -->
