<?xml version="1.0" encoding="UTF-8"?>
<!-- Generated by org.testng.reporters.JUnitXMLReporter -->
<testsuite hostname="Airpay-PC" ignored="0" name="TC_PP_Credit_Card_logo_Appearance" tests="2" failures="0" timestamp="30 Apr 2019 12:15:57 GMT" time="26.194" errors="0">
  <testcase name="setup" time="0.0" classname="com.Airpay.Tests.TC_PP_Credit_Card_logo_Appearance"/>
  <testcase name="TC_TestCaseName" time="17.617" classname="com.Airpay.Tests.TC_PP_Credit_Card_logo_Appearance"/>
</testsuite> <!-- TC_PP_Credit_Card_logo_Appearance -->
