<?xml version="1.0" encoding="UTF-8"?>
<!-- Generated by org.testng.reporters.JUnitXMLReporter -->
<testsuite hostname="Airpay-PC" ignored="0" name="TC_PP_UPI_Success_Transaction_iFrame_kit" tests="2" failures="0" timestamp="26 Apr 2019 13:49:31 GMT" time="97.132" errors="0">
  <testcase name="setup" time="0.001" classname="com.Airpay.Tests.TC_PP_UPI_Success_Transaction_Inline_kit"/>
  <testcase name="TC_TestCaseName" time="88.455" classname="com.Airpay.Tests.TC_PP_UPI_Success_Transaction_Inline_kit"/>
</testsuite> <!-- TC_PP_UPI_Success_Transaction_iFrame_kit -->
