<?xml version="1.0" encoding="UTF-8"?>
<!-- Generated by org.testng.reporters.JUnitXMLReporter -->
<testsuite hostname="Airpay-PC" ignored="0" name="TC_PP_05_Verify_Channels_With_name" tests="2" failures="0" timestamp="30 Apr 2019 11:51:10 GMT" time="19.834" errors="0">
  <testcase name="setup" time="0.001" classname="com.Airpay.Tests.TC_PP_05"/>
  <testcase name="TC_TestCaseName" time="11.095" classname="com.Airpay.Tests.TC_PP_05"/>
</testsuite> <!-- TC_PP_05_Verify_Channels_With_name -->
