<?xml version="1.0" encoding="UTF-8"?>
<!-- Generated by org.testng.reporters.JUnitXMLReporter -->
<testsuite hostname="Airpay-PC" ignored="0" name="TC_PP_09_Verify_Credit_Card_Red_line_Errors" tests="2" failures="0" timestamp="30 Apr 2019 11:52:24 GMT" time="28.375" errors="0">
  <testcase name="setup" time="0.0" classname="com.Airpay.Tests.TC_PP_09_Credit_Card"/>
  <testcase name="TC_TestCaseName" time="19.582" classname="com.Airpay.Tests.TC_PP_09_Credit_Card"/>
</testsuite> <!-- TC_PP_09_Verify_Credit_Card_Red_line_Errors -->
