<?xml version="1.0" encoding="UTF-8"?>
<!-- Generated by org.testng.reporters.JUnitXMLReporter -->
<testsuite hostname="Parmeshwar-QA" ignored="0" name="TC_PP_BBPS_Mobile_Prepaid_Transaction" tests="2" failures="0" timestamp="21 May 2019 11:00:02 GMT" time="123.743" errors="0">
  <testcase name="setup" time="0.004" classname="com.Airpay.Tests.TC_PP_BBPS_Login_verify"/>
  <testcase name="TC_TestCaseName" time="112.933" classname="com.Airpay.Tests.TC_PP_BBPS_Login_verify"/>
</testsuite> <!-- TC_PP_BBPS_Mobile_Prepaid_Transaction -->
