<?xml version="1.0" encoding="UTF-8"?>
<testng-results skipped="0" failed="0" ignored="0" total="1" passed="1">
  <reporter-output>
  </reporter-output>
  <suite name="Main Test Suite" duration-ms="129039" started-at="2019-05-21T10:57:53Z" finished-at="2019-05-21T11:00:02Z">
    <groups>
    </groups>
    <test name="TestNG Test Group1" duration-ms="129039" started-at="2019-05-21T10:57:53Z" finished-at="2019-05-21T11:00:02Z">
      <class name="com.Airpay.Utilities.Create_TestNGXML">
        <test-method status="PASS" signature="createXMLfile()[pri:0, instance:com.Airpay.Utilities.Create_TestNGXML@3d285d7e]" name="createXMLfile" duration-ms="129008" started-at="2019-05-21T10:57:53Z" finished-at="2019-05-21T11:00:02Z">
          <reporter-output>
          </reporter-output>
        </test-method> <!-- createXMLfile -->
      </class> <!-- com.Airpay.Utilities.Create_TestNGXML -->
    </test> <!-- TestNG Test Group1 -->
  </suite> <!-- Main Test Suite -->
</testng-results>
